[2024-12-09T07:45:49.425] [INFO] default - [2024-12-09T07:45:49.386Z] GET /
[2024-12-09T07:45:49.782] [INFO] default - Response status: 404
[2024-12-09T07:49:13.033] [INFO] default - [2024-12-09T07:49:13.026Z] GET /api/urls
[2024-12-09T07:49:13.131] [INFO] default - Response status: 401
[2024-12-09T07:51:04.888] [INFO] default - [2024-12-09T07:51:04.888Z] POST /api/login
[2024-12-09T07:51:05.203] [INFO] default - Response status: 200
[2024-12-09T07:51:20.075] [INFO] default - [2024-12-09T07:51:20.075Z] POST /api/login
[2024-12-09T07:51:20.089] [INFO] default - Response status: 200
[2024-12-09T07:52:55.581] [INFO] default - [2024-12-09T07:52:55.581Z] GET /api/urlmedias?page=1&type=&search=
[2024-12-09T07:52:56.182] [INFO] default - Response status: 403
[2024-12-09T07:52:56.608] [INFO] default - [2024-12-09T07:52:56.607Z] GET /api/urlmedias?page=1&type=&search=
[2024-12-09T07:52:56.639] [INFO] default - Response status: 403
[2024-12-09T07:52:56.654] [INFO] default - [2024-12-09T07:52:56.653Z] GET /api/urls?page=1&limit=15
[2024-12-09T07:52:56.689] [INFO] default - Response status: 403
[2024-12-09T07:52:56.728] [INFO] default - [2024-12-09T07:52:56.728Z] GET /api/urls?page=1&limit=15
[2024-12-09T07:52:56.840] [INFO] default - Response status: 403
[2024-12-09T07:54:48.339] [INFO] default - [2024-12-09T07:54:48.339Z] POST /api/login
[2024-12-09T07:54:48.356] [INFO] default - Response status: 200
[2024-12-09T07:55:15.779] [INFO] default - [2024-12-09T07:55:15.779Z] GET /api/urls?page=1&limit=15
[2024-12-09T07:55:16.096] [INFO] default - [2024-12-09T07:55:16.096Z] GET /api/urlmedias?page=1&type=&search=
[2024-12-09T07:55:16.660] [INFO] default - Response status: 200
[2024-12-09T07:55:16.665] [INFO] default - Response status: 200
[2024-12-09T07:55:16.668] [INFO] default - [2024-12-09T07:55:16.668Z] GET /api/urls?page=1&limit=15
[2024-12-09T07:55:16.683] [INFO] default - [2024-12-09T07:55:16.683Z] GET /api/urlmedias?page=1&type=&search=
[2024-12-09T07:55:16.713] [INFO] default - Response status: 304
[2024-12-09T07:55:16.719] [INFO] default - Response status: 304
[2024-12-09T07:55:20.424] [ERROR] default - [2024-12-09T07:55:20.423Z] Error: Unexpected token u in JSON at position 1
[2024-12-09T08:04:46.748] [INFO] default - [2024-12-09T08:04:46.747Z] POST /api/scrape
[2024-12-09T08:09:24.590] [INFO] default - [2024-12-09T08:09:24.588Z] POST /api/scrape
[2024-12-09T08:11:26.976] [INFO] default - [2024-12-09T08:11:26.974Z] GET /api/urlmedias?page=1&type=&search=
[2024-12-09T08:11:27.095] [INFO] default - [2024-12-09T08:11:27.095Z] GET /api/urls?page=1&limit=15
[2024-12-09T08:11:27.308] [INFO] default - Response status: 304
[2024-12-09T08:11:27.325] [INFO] default - Response status: 304
[2024-12-09T08:11:27.329] [INFO] default - [2024-12-09T08:11:27.329Z] GET /api/urlmedias?page=1&type=&search=
[2024-12-09T08:11:27.356] [INFO] default - [2024-12-09T08:11:27.355Z] GET /api/urls?page=1&limit=15
[2024-12-09T08:11:27.386] [INFO] default - Response status: 304
[2024-12-09T08:11:27.394] [INFO] default - Response status: 304
[2024-12-09T08:12:19.899] [INFO] default - [2024-12-09T08:12:19.899Z] POST /api/scrape
[2024-12-09T08:31:53.261] [INFO] default - [2024-12-09T08:31:53.256Z] GET /api/urlmedias?page=1&type=&search=
[2024-12-09T08:31:54.271] [INFO] default - [2024-12-09T08:31:54.271Z] GET /api/urls?page=1&limit=15
[2024-12-09T08:31:57.118] [INFO] default - Response status: 500
[2024-12-09T08:31:57.143] [INFO] default - Response status: 500
[2024-12-09T08:31:57.211] [INFO] default - [2024-12-09T08:31:57.211Z] GET /api/urlmedias?page=1&type=&search=
[2024-12-09T08:31:57.258] [INFO] default - Response status: 500
[2024-12-09T08:31:57.737] [INFO] default - [2024-12-09T08:31:57.736Z] GET /api/urls?page=1&limit=15
[2024-12-09T08:31:57.906] [INFO] default - Response status: 500
[2024-12-09T08:32:16.204] [INFO] default - [2024-12-09T08:32:16.203Z] POST /api/login
[2024-12-09T08:32:16.222] [INFO] default - Response status: 200
[2024-12-09T08:32:16.422] [INFO] default - [2024-12-09T08:32:16.422Z] GET /api/urlmedias?page=1&type=&search=
[2024-12-09T08:32:16.442] [INFO] default - [2024-12-09T08:32:16.442Z] GET /api/urls?page=1&limit=15
[2024-12-09T08:32:16.559] [INFO] default - Response status: 500
[2024-12-09T08:32:16.572] [INFO] default - [2024-12-09T08:32:16.572Z] GET /api/urlmedias?page=1&type=&search=
[2024-12-09T08:32:16.608] [INFO] default - Response status: 500
[2024-12-09T08:32:16.627] [INFO] default - Response status: 500
[2024-12-09T08:32:16.727] [INFO] default - [2024-12-09T08:32:16.727Z] GET /api/urls?page=1&limit=15
[2024-12-09T08:32:16.777] [INFO] default - Response status: 500
[2024-12-09T08:32:27.472] [INFO] default - [2024-12-09T08:32:27.472Z] POST /api/login
[2024-12-09T08:32:27.479] [INFO] default - Response status: 200
[2024-12-09T08:32:27.820] [INFO] default - [2024-12-09T08:32:27.820Z] GET /api/urlmedias?page=1&type=&search=
[2024-12-09T08:32:27.836] [INFO] default - [2024-12-09T08:32:27.836Z] GET /api/urls?page=1&limit=15
[2024-12-09T08:32:27.901] [INFO] default - Response status: 500
[2024-12-09T08:32:27.922] [INFO] default - Response status: 500
[2024-12-09T08:32:27.932] [INFO] default - [2024-12-09T08:32:27.932Z] GET /api/urlmedias?page=1&type=&search=
[2024-12-09T08:32:27.971] [INFO] default - Response status: 500
[2024-12-09T08:32:27.987] [INFO] default - [2024-12-09T08:32:27.986Z] GET /api/urls?page=1&limit=15
[2024-12-09T08:32:28.057] [INFO] default - Response status: 500
[2024-12-09T08:34:19.362] [INFO] default - [2024-12-09T08:34:19.359Z] POST /api/login
[2024-12-09T08:34:19.421] [INFO] default - Response status: 200
[2024-12-09T08:34:19.516] [INFO] default - [2024-12-09T08:34:19.516Z] GET /api/urlmedias?page=1&type=&search=
[2024-12-09T08:34:19.717] [INFO] default - [2024-12-09T08:34:19.717Z] GET /api/urls?page=1&limit=15
[2024-12-09T08:34:19.931] [INFO] default - Response status: 500
[2024-12-09T08:34:19.968] [INFO] default - [2024-12-09T08:34:19.968Z] GET /api/urlmedias?page=1&type=&search=
[2024-12-09T08:34:20.014] [INFO] default - Response status: 500
[2024-12-09T08:34:20.033] [INFO] default - Response status: 500
[2024-12-09T08:34:20.041] [INFO] default - [2024-12-09T08:34:20.041Z] GET /api/urls?page=1&limit=15
[2024-12-09T08:34:20.083] [INFO] default - Response status: 500
[2024-12-09T08:40:42.542] [INFO] default - [2024-12-09T08:40:42.541Z] POST /api/login
[2024-12-09T08:40:42.600] [INFO] default - Response status: 200
[2024-12-09T08:40:42.973] [INFO] default - [2024-12-09T08:40:42.973Z] GET /api/urlmedias?page=1&type=&search=
[2024-12-09T08:40:43.228] [INFO] default - [2024-12-09T08:40:43.228Z] GET /api/urls?page=1&limit=15
[2024-12-09T08:40:43.345] [INFO] default - Response status: 200
[2024-12-09T08:40:43.430] [INFO] default - Response status: 200
[2024-12-09T08:40:43.501] [INFO] default - [2024-12-09T08:40:43.501Z] GET /api/urlmedias?page=1&type=&search=
[2024-12-09T08:40:43.548] [INFO] default - [2024-12-09T08:40:43.548Z] GET /api/urls?page=1&limit=15
[2024-12-09T08:40:43.595] [INFO] default - Response status: 304
[2024-12-09T08:40:43.614] [INFO] default - Response status: 304
[2024-12-09T08:41:22.470] [INFO] default - [2024-12-09T08:41:22.470Z] POST /api/scrape
[2024-12-09T09:16:47.964] [INFO] default - [2024-12-09T09:16:47.963Z] POST /api/login
[2024-12-09T09:16:48.140] [INFO] default - Response status: 200
[2024-12-09T09:16:52.442] [INFO] default - [2024-12-09T09:16:52.442Z] GET /api/urlmedias?page=1&type=&search=
[2024-12-09T09:16:52.734] [INFO] default - [2024-12-09T09:16:52.734Z] GET /api/urls?page=1&limit=15
[2024-12-09T09:16:53.955] [INFO] default - Response status: 500
[2024-12-09T09:16:54.024] [INFO] default - Response status: 500
[2024-12-09T09:16:54.051] [INFO] default - [2024-12-09T09:16:54.051Z] GET /api/urlmedias?page=1&type=&search=
[2024-12-09T09:16:54.111] [INFO] default - Response status: 500
[2024-12-09T09:16:54.139] [INFO] default - [2024-12-09T09:16:54.129Z] GET /api/urls?page=1&limit=15
[2024-12-09T09:16:54.456] [INFO] default - Response status: 500
[2024-12-09T09:17:35.306] [INFO] default - [2024-12-09T09:17:35.306Z] POST /api/login
[2024-12-09T09:17:35.307] [WARN] default - Failed login attempt for username: lekehien17105431@gmail.com
[2024-12-09T09:17:35.309] [INFO] default - Response status: 401
[2024-12-09T09:17:41.912] [INFO] default - [2024-12-09T09:17:41.912Z] POST /api/login
[2024-12-09T09:17:41.913] [WARN] default - Failed login attempt for username: lekehien17105431@gmail.com
[2024-12-09T09:17:41.914] [INFO] default - Response status: 401
[2024-12-09T09:17:46.162] [INFO] default - [2024-12-09T09:17:46.162Z] POST /api/login
[2024-12-09T09:17:46.166] [INFO] default - Response status: 200
[2024-12-09T09:17:46.291] [INFO] default - [2024-12-09T09:17:46.291Z] GET /api/urls?page=1&limit=15
[2024-12-09T09:17:46.335] [INFO] default - [2024-12-09T09:17:46.335Z] GET /api/urlmedias?page=1&type=&search=
[2024-12-09T09:17:46.504] [INFO] default - Response status: 500
[2024-12-09T09:17:46.526] [INFO] default - Response status: 500
[2024-12-09T09:17:46.540] [INFO] default - [2024-12-09T09:17:46.540Z] GET /api/urls?page=1&limit=15
[2024-12-09T09:17:46.623] [INFO] default - [2024-12-09T09:17:46.623Z] GET /api/urlmedias?page=1&type=&search=
[2024-12-09T09:17:46.657] [INFO] default - Response status: 500
[2024-12-09T09:17:46.673] [INFO] default - Response status: 500
[2024-12-09T09:22:27.844] [INFO] default - [2024-12-09T09:22:27.841Z] POST /api/login
[2024-12-09T09:22:27.905] [INFO] default - Response status: 200
[2024-12-09T09:22:28.099] [INFO] default - [2024-12-09T09:22:28.099Z] GET /api/urlmedias?page=1&type=&search=
[2024-12-09T09:22:28.159] [INFO] default - [2024-12-09T09:22:28.159Z] GET /api/urls?page=1&limit=15
[2024-12-09T09:22:28.386] [INFO] default - Response status: 500
[2024-12-09T09:22:28.428] [INFO] default - Response status: 500
[2024-12-09T09:22:28.438] [INFO] default - [2024-12-09T09:22:28.438Z] GET /api/urlmedias?page=1&type=&search=
[2024-12-09T09:22:28.677] [INFO] default - Response status: 500
[2024-12-09T09:22:28.693] [INFO] default - [2024-12-09T09:22:28.693Z] GET /api/urls?page=1&limit=15
[2024-12-09T09:22:28.993] [INFO] default - Response status: 500
[2024-12-09T09:30:48.303] [INFO] default - [2024-12-09T09:30:48.296Z] GET /api/urls?page=1&limit=15
[2024-12-09T09:30:48.496] [INFO] default - [2024-12-09T09:30:48.496Z] GET /api/urlmedias?page=1&type=&search=
[2024-12-09T09:30:48.945] [INFO] default - Response status: 200
[2024-12-09T09:30:48.995] [INFO] default - Response status: 200
[2024-12-09T09:30:49.000] [INFO] default - [2024-12-09T09:30:49.000Z] GET /api/urls?page=1&limit=15
[2024-12-09T09:30:49.067] [INFO] default - [2024-12-09T09:30:49.067Z] GET /api/urlmedias?page=1&type=&search=
[2024-12-09T09:30:49.091] [INFO] default - Response status: 304
[2024-12-09T09:30:49.106] [INFO] default - Response status: 304
[2024-12-09T09:30:57.739] [INFO] default - [2024-12-09T09:30:57.738Z] POST /api/scrape
[2024-12-09T09:41:35.517] [INFO] default - [2024-12-09T09:41:35.516Z] GET /api/urls?page=1&limit=15
[2024-12-09T09:41:35.678] [INFO] default - [2024-12-09T09:41:35.678Z] GET /api/urlmedias?page=1&type=&search=
[2024-12-09T09:41:36.230] [INFO] default - Response status: 500
[2024-12-09T09:41:36.257] [INFO] default - Response status: 500
[2024-12-09T09:41:36.275] [INFO] default - [2024-12-09T09:41:36.275Z] GET /api/urls?page=1&limit=15
[2024-12-09T09:41:36.310] [INFO] default - Response status: 500
[2024-12-09T09:41:36.315] [INFO] default - [2024-12-09T09:41:36.315Z] GET /api/urlmedias?page=1&type=&search=
[2024-12-09T09:41:36.353] [INFO] default - Response status: 500
[2024-12-09T09:41:53.796] [INFO] default - [2024-12-09T09:41:53.796Z] POST /api/login
[2024-12-09T09:41:53.801] [INFO] default - Response status: 200
[2024-12-09T09:41:53.873] [INFO] default - [2024-12-09T09:41:53.873Z] GET /api/urlmedias?page=1&type=&search=
[2024-12-09T09:41:53.881] [INFO] default - [2024-12-09T09:41:53.881Z] GET /api/urls?page=1&limit=15
[2024-12-09T09:41:53.919] [INFO] default - Response status: 500
[2024-12-09T09:41:53.927] [INFO] default - Response status: 500
[2024-12-09T09:41:53.929] [INFO] default - [2024-12-09T09:41:53.929Z] GET /api/urlmedias?page=1&type=&search=
[2024-12-09T09:41:53.939] [INFO] default - Response status: 500
[2024-12-09T09:41:53.941] [INFO] default - [2024-12-09T09:41:53.941Z] GET /api/urls?page=1&limit=15
[2024-12-09T09:41:53.957] [INFO] default - Response status: 500
[2024-12-09T09:42:10.437] [INFO] default - [2024-12-09T09:42:10.437Z] POST /api/login
[2024-12-09T09:42:10.440] [INFO] default - Response status: 200
[2024-12-09T09:42:10.504] [INFO] default - [2024-12-09T09:42:10.504Z] GET /api/urlmedias?page=1&type=&search=
[2024-12-09T09:42:10.510] [INFO] default - [2024-12-09T09:42:10.510Z] GET /api/urls?page=1&limit=15
[2024-12-09T09:42:10.559] [INFO] default - Response status: 500
[2024-12-09T09:42:10.565] [INFO] default - Response status: 500
[2024-12-09T09:42:10.571] [INFO] default - [2024-12-09T09:42:10.571Z] GET /api/urlmedias?page=1&type=&search=
[2024-12-09T09:42:10.580] [INFO] default - Response status: 500
[2024-12-09T09:42:10.581] [INFO] default - [2024-12-09T09:42:10.581Z] GET /api/urls?page=1&limit=15
[2024-12-09T09:42:10.595] [INFO] default - Response status: 500
[2024-12-09T09:59:04.501] [INFO] default - [2024-12-09T09:59:04.500Z] POST /api/login
[2024-12-09T09:59:04.519] [INFO] default - Response status: 200
[2024-12-09T09:59:04.639] [INFO] default - [2024-12-09T09:59:04.639Z] GET /api/urlmedias?page=1&type=&search=
[2024-12-09T09:59:04.676] [INFO] default - [2024-12-09T09:59:04.676Z] GET /api/urls?page=1&limit=15
[2024-12-09T09:59:04.803] [INFO] default - Response status: 200
[2024-12-09T09:59:04.817] [INFO] default - Response status: 200
[2024-12-09T09:59:04.822] [INFO] default - [2024-12-09T09:59:04.821Z] GET /api/urlmedias?page=1&type=&search=
[2024-12-09T09:59:04.858] [INFO] default - [2024-12-09T09:59:04.857Z] GET /api/urls?page=1&limit=15
[2024-12-09T09:59:04.886] [INFO] default - Response status: 304
[2024-12-09T09:59:04.902] [INFO] default - Response status: 304
[2024-12-09T09:59:14.390] [INFO] default - [2024-12-09T09:59:14.389Z] POST /api/scrape
[2024-12-09T09:59:28.546] [ERROR] default - Error during scraping:  TypeError [ERR_INVALID_URL]: Invalid URL
    at new NodeError (node:internal/errors:405:5)
    at new URL (node:internal/url:676:13)
    at scrapeURLs (/app/src/controllers/scapeController.js:24:17) {
  input: 'wsj.com',
  code: 'ERR_INVALID_URL'
}
[2024-12-09T09:59:28.594] [INFO] default - Response status: 200
[2024-12-09T09:59:32.051] [INFO] default - [2024-12-09T09:59:32.051Z] GET /api/urls?page=1&limit=15
[2024-12-09T09:59:32.352] [INFO] default - Response status: 304
[2024-12-09T09:59:34.112] [INFO] default - [2024-12-09T09:59:34.112Z] GET /api/urls?page=1&limit=15
[2024-12-09T09:59:34.144] [INFO] default - Response status: 304
[2024-12-09T09:59:36.304] [INFO] default - [2024-12-09T09:59:36.304Z] GET /api/urls?page=1&limit=15
[2024-12-09T09:59:36.331] [INFO] default - Response status: 304
[2024-12-09T09:59:36.981] [INFO] default - [2024-12-09T09:59:36.981Z] GET /api/urls?page=1&limit=15
[2024-12-09T09:59:37.016] [INFO] default - Response status: 304
[2024-12-09T09:59:37.185] [INFO] default - [2024-12-09T09:59:37.185Z] GET /api/urls?page=1&limit=15
[2024-12-09T09:59:37.200] [INFO] default - Response status: 304
[2024-12-09T09:59:37.602] [INFO] default - [2024-12-09T09:59:37.602Z] GET /api/urls?page=1&limit=15
[2024-12-09T09:59:37.626] [INFO] default - Response status: 304
[2024-12-09T09:59:40.154] [INFO] default - [2024-12-09T09:59:40.154Z] GET /api/urls?page=1&limit=15
[2024-12-09T09:59:40.165] [INFO] default - Response status: 304
[2024-12-09T09:59:54.179] [INFO] default - [2024-12-09T09:59:54.178Z] GET /api/urls?page=1&limit=15
[2024-12-09T09:59:54.304] [INFO] default - Response status: 304
[2024-12-09T10:00:31.436] [INFO] default - [2024-12-09T10:00:31.434Z] POST /api/scrape
[2024-12-09T10:00:31.506] [ERROR] default - Error during scraping:  TypeError [ERR_INVALID_URL]: Invalid URL
    at new NodeError (node:internal/errors:405:5)
    at new URL (node:internal/url:676:13)
    at scrapeURLs (/app/src/controllers/scapeController.js:24:17)
    at process.processTicksAndRejections (node:internal/process/task_queues:95:5) {
  input: 'tuoitre.vn',
  code: 'ERR_INVALID_URL'
}
[2024-12-09T10:00:31.558] [INFO] default - Response status: 200
[2024-12-09T10:01:25.868] [INFO] default - [2024-12-09T10:01:25.856Z] POST /api/scrape
[2024-12-09T10:01:57.287] [INFO] default - [2024-12-09T10:01:57.287Z] GET /api/urls?page=1&limit=15
[2024-12-09T10:01:57.874] [INFO] default - Response status: 200
[2024-12-09T10:01:59.911] [INFO] default - [2024-12-09T10:01:59.911Z] GET /api/urls/1
[2024-12-09T10:02:00.598] [INFO] default - Response status: 304
[2024-12-09T10:02:00.656] [INFO] default - [2024-12-09T10:02:00.656Z] GET /api/urls/1
[2024-12-09T10:02:00.691] [INFO] default - Response status: 304
[2024-12-09T10:02:45.673] [INFO] default - Response status: 200
[2024-12-09T10:02:51.115] [INFO] default - [2024-12-09T10:02:51.115Z] GET /api/urls?page=1&limit=15
[2024-12-09T10:02:51.220] [INFO] default - Response status: 304
[2024-12-09T10:03:54.596] [INFO] default - [2024-12-09T10:03:54.586Z] POST /api/scrape
[2024-12-09T10:04:26.324] [INFO] default - Response status: 200
[2024-12-09T10:04:35.139] [INFO] default - [2024-12-09T10:04:35.139Z] GET /api/urls/2
[2024-12-09T10:04:36.295] [INFO] default - Response status: 200
[2024-12-09T10:05:32.455] [INFO] default - [2024-12-09T10:05:32.438Z] POST /api/scrape
[2024-12-09T10:05:48.711] [INFO] default - Response status: 200
[2024-12-09T10:12:06.356] [INFO] default - [2024-12-09T10:12:06.344Z] GET /api/urlmedias?page=1&type=&search=
[2024-12-09T10:12:07.398] [INFO] default - Response status: 200
[2024-12-09T10:20:21.601] [INFO] default - [2024-12-09T10:20:21.584Z] GET /home
[2024-12-09T10:20:21.780] [INFO] default - Response status: 404
[2024-12-09T10:23:11.050] [INFO] default - [2024-12-09T10:23:11.048Z] GET /api/urlmedias?page=1&type=&search=
[2024-12-09T10:23:11.372] [INFO] default - [2024-12-09T10:23:11.372Z] GET /api/urls?page=1&limit=15
[2024-12-09T10:23:12.881] [INFO] default - Response status: 500
[2024-12-09T10:23:12.942] [INFO] default - Response status: 500
[2024-12-09T10:23:12.959] [INFO] default - [2024-12-09T10:23:12.959Z] GET /api/urlmedias?page=1&type=&search=
[2024-12-09T10:23:13.038] [INFO] default - Response status: 500
[2024-12-09T10:23:13.082] [INFO] default - [2024-12-09T10:23:13.082Z] GET /api/urls?page=1&limit=15
[2024-12-09T10:23:13.127] [INFO] default - Response status: 500
[2024-12-09T10:23:25.176] [INFO] default - [2024-12-09T10:23:25.176Z] POST /api/login
[2024-12-09T10:23:25.192] [INFO] default - Response status: 200
[2024-12-09T10:23:25.357] [INFO] default - [2024-12-09T10:23:25.357Z] GET /api/urls?page=1&limit=15
[2024-12-09T10:23:25.397] [INFO] default - [2024-12-09T10:23:25.397Z] GET /api/urlmedias?page=1&type=&search=
[2024-12-09T10:23:25.603] [INFO] default - Response status: 500
[2024-12-09T10:23:25.642] [INFO] default - Response status: 500
[2024-12-09T10:23:25.658] [INFO] default - [2024-12-09T10:23:25.657Z] GET /api/urls?page=1&limit=15
[2024-12-09T10:23:25.749] [INFO] default - Response status: 500
[2024-12-09T10:23:25.754] [INFO] default - [2024-12-09T10:23:25.754Z] GET /api/urlmedias?page=1&type=&search=
[2024-12-09T10:23:25.836] [INFO] default - Response status: 500
[2024-12-09T10:23:34.826] [INFO] default - [2024-12-09T10:23:34.825Z] POST /api/login
[2024-12-09T10:23:34.845] [INFO] default - Response status: 200
[2024-12-09T10:23:34.859] [INFO] default - [2024-12-09T10:23:34.859Z] POST /api/login
[2024-12-09T10:23:34.893] [INFO] default - Response status: 200
[2024-12-09T10:23:35.055] [INFO] default - [2024-12-09T10:23:35.055Z] GET /api/urlmedias?page=1&type=&search=
[2024-12-09T10:23:35.098] [INFO] default - [2024-12-09T10:23:35.097Z] GET /api/urls?page=1&limit=15
[2024-12-09T10:23:35.181] [INFO] default - Response status: 500
[2024-12-09T10:23:35.260] [INFO] default - Response status: 500
[2024-12-09T10:23:35.273] [INFO] default - [2024-12-09T10:23:35.272Z] GET /api/urlmedias?page=1&type=&search=
[2024-12-09T10:23:35.292] [INFO] default - [2024-12-09T10:23:35.292Z] GET /api/urls?page=1&limit=15
[2024-12-09T10:23:35.327] [INFO] default - Response status: 500
[2024-12-09T10:23:35.339] [INFO] default - Response status: 500
[2024-12-09T10:24:05.794] [INFO] default - [2024-12-09T10:24:05.793Z] POST /api/login
[2024-12-09T10:24:05.799] [WARN] default - Failed login attempt for username: admin
[2024-12-09T10:24:05.814] [INFO] default - Response status: 401
[2024-12-09T10:24:11.855] [INFO] default - [2024-12-09T10:24:11.855Z] POST /api/login
[2024-12-09T10:24:11.867] [INFO] default - Response status: 200
[2024-12-09T10:24:12.015] [INFO] default - [2024-12-09T10:24:12.015Z] GET /api/urls?page=1&limit=15
[2024-12-09T10:24:12.056] [INFO] default - [2024-12-09T10:24:12.056Z] GET /api/urlmedias?page=1&type=&search=
[2024-12-09T10:24:12.196] [INFO] default - Response status: 500
[2024-12-09T10:24:12.202] [INFO] default - Response status: 500
[2024-12-09T10:24:12.222] [INFO] default - [2024-12-09T10:24:12.222Z] GET /api/urls?page=1&limit=15
[2024-12-09T10:24:12.253] [INFO] default - [2024-12-09T10:24:12.253Z] GET /api/urlmedias?page=1&type=&search=
[2024-12-09T10:24:12.286] [INFO] default - Response status: 500
[2024-12-09T10:24:12.338] [INFO] default - Response status: 500
[2024-12-09T10:24:24.899] [INFO] default - [2024-12-09T10:24:24.899Z] POST /api/login
[2024-12-09T10:24:24.901] [INFO] default - Response status: 200
[2024-12-09T10:24:24.974] [INFO] default - [2024-12-09T10:24:24.974Z] GET /api/urls?page=1&limit=15
[2024-12-09T10:24:24.988] [INFO] default - [2024-12-09T10:24:24.988Z] GET /api/urlmedias?page=1&type=&search=
[2024-12-09T10:24:25.067] [INFO] default - Response status: 500
[2024-12-09T10:24:25.077] [INFO] default - Response status: 500
[2024-12-09T10:24:25.095] [INFO] default - [2024-12-09T10:24:25.095Z] GET /api/urls?page=1&limit=15
[2024-12-09T10:24:25.153] [INFO] default - Response status: 500
[2024-12-09T10:24:25.159] [INFO] default - [2024-12-09T10:24:25.158Z] GET /api/urlmedias?page=1&type=&search=
[2024-12-09T10:24:25.190] [INFO] default - Response status: 500
[2024-12-09T10:25:28.965] [INFO] default - [2024-12-09T10:25:28.964Z] POST /api/login
[2024-12-09T10:25:28.972] [INFO] default - Response status: 200
[2024-12-09T10:25:29.086] [INFO] default - [2024-12-09T10:25:29.086Z] GET /api/urls?page=1&limit=15
[2024-12-09T10:25:29.133] [INFO] default - [2024-12-09T10:25:29.133Z] GET /api/urlmedias?page=1&type=&search=
[2024-12-09T10:25:29.214] [INFO] default - Response status: 500
[2024-12-09T10:25:29.250] [INFO] default - Response status: 500
[2024-12-09T10:25:29.256] [INFO] default - [2024-12-09T10:25:29.256Z] GET /api/urls?page=1&limit=15
[2024-12-09T10:25:29.310] [INFO] default - Response status: 500
[2024-12-09T10:25:29.320] [INFO] default - [2024-12-09T10:25:29.320Z] GET /api/urlmedias?page=1&type=&search=
[2024-12-09T10:25:29.382] [INFO] default - Response status: 500
[2024-12-09T10:26:00.634] [INFO] default - [2024-12-09T10:26:00.634Z] POST /api/login
[2024-12-09T10:26:00.643] [INFO] default - Response status: 200
[2024-12-09T10:26:00.715] [INFO] default - [2024-12-09T10:26:00.715Z] GET /api/urls?page=1&limit=15
[2024-12-09T10:26:00.728] [INFO] default - [2024-12-09T10:26:00.728Z] GET /api/urlmedias?page=1&type=&search=
[2024-12-09T10:26:00.785] [INFO] default - Response status: 500
[2024-12-09T10:26:00.804] [INFO] default - Response status: 500
[2024-12-09T10:26:00.806] [INFO] default - [2024-12-09T10:26:00.806Z] GET /api/urls?page=1&limit=15
[2024-12-09T10:26:00.834] [INFO] default - [2024-12-09T10:26:00.834Z] GET /api/urlmedias?page=1&type=&search=
[2024-12-09T10:26:00.852] [INFO] default - Response status: 500
[2024-12-09T10:26:00.872] [INFO] default - Response status: 500
[2024-12-09T10:26:31.401] [INFO] default - [2024-12-09T10:26:31.401Z] POST /api/login
[2024-12-09T10:26:31.406] [INFO] default - Response status: 200
[2024-12-09T10:26:31.507] [INFO] default - [2024-12-09T10:26:31.507Z] GET /api/urls?page=1&limit=15
[2024-12-09T10:26:31.527] [INFO] default - [2024-12-09T10:26:31.527Z] GET /api/urlmedias?page=1&type=&search=
[2024-12-09T10:26:31.607] [INFO] default - Response status: 500
[2024-12-09T10:26:31.636] [INFO] default - Response status: 500
[2024-12-09T10:26:31.642] [INFO] default - [2024-12-09T10:26:31.642Z] GET /api/urls?page=1&limit=15
[2024-12-09T10:26:31.683] [INFO] default - [2024-12-09T10:26:31.683Z] GET /api/urlmedias?page=1&type=&search=
[2024-12-09T10:26:31.713] [INFO] default - Response status: 500
[2024-12-09T10:26:31.751] [INFO] default - Response status: 500
[2024-12-09T10:30:13.746] [INFO] default - [2024-12-09T10:30:13.745Z] POST /api/login
[2024-12-09T10:30:13.837] [INFO] default - Response status: 200
[2024-12-09T10:30:14.520] [INFO] default - [2024-12-09T10:30:14.520Z] GET /api/urlmedias?page=1&type=&search=
[2024-12-09T10:30:14.659] [INFO] default - [2024-12-09T10:30:14.658Z] GET /api/urls?page=1&limit=15
[2024-12-09T10:30:15.131] [INFO] default - Response status: 200
[2024-12-09T10:30:15.135] [INFO] default - Response status: 200
[2024-12-09T10:30:15.148] [INFO] default - [2024-12-09T10:30:15.148Z] GET /api/urls?page=1&limit=15
[2024-12-09T10:30:15.205] [INFO] default - [2024-12-09T10:30:15.205Z] GET /api/urlmedias?page=1&type=&search=
[2024-12-09T10:30:15.267] [INFO] default - Response status: 304
[2024-12-09T10:30:15.300] [INFO] default - Response status: 304
[2024-12-09T10:30:26.574] [INFO] default - [2024-12-09T10:30:26.574Z] POST /api/scrape
[2024-12-09T10:30:33.868] [ERROR] default - Error during scraping:  TypeError [ERR_INVALID_URL]: Invalid URL
    at new NodeError (node:internal/errors:405:5)
    at new URL (node:internal/url:676:13)
    at scrapeURLs (/app/src/controllers/scapeController.js:24:17) {
  input: 'tuoitre.vn',
  code: 'ERR_INVALID_URL'
}
[2024-12-09T10:30:33.882] [INFO] default - Response status: 200
[2024-12-09T10:30:37.860] [INFO] default - [2024-12-09T10:30:37.860Z] GET /api/urls?page=1&limit=15
[2024-12-09T10:30:37.955] [INFO] default - Response status: 304
[2024-12-09T10:30:39.626] [INFO] default - [2024-12-09T10:30:39.626Z] GET /api/urls?page=1&limit=15
[2024-12-09T10:30:39.656] [INFO] default - Response status: 304
[2024-12-09T10:30:44.593] [INFO] default - [2024-12-09T10:30:44.593Z] GET /api/urls?page=1&limit=15
[2024-12-09T10:30:44.604] [INFO] default - Response status: 304
[2024-12-09T10:32:32.536] [INFO] default - [2024-12-09T10:32:32.532Z] GET /api/urlmedias?page=1&type=&search=
[2024-12-09T10:32:32.665] [INFO] default - [2024-12-09T10:32:32.664Z] GET /api/urls?page=1&limit=15
[2024-12-09T10:32:32.983] [INFO] default - Response status: 304
[2024-12-09T10:32:32.987] [INFO] default - Response status: 304
[2024-12-09T10:32:32.992] [INFO] default - [2024-12-09T10:32:32.992Z] GET /api/urls?page=1&limit=15
[2024-12-09T10:32:33.013] [INFO] default - [2024-12-09T10:32:33.013Z] GET /api/urlmedias?page=1&type=&search=
[2024-12-09T10:32:33.052] [INFO] default - Response status: 304
[2024-12-09T10:32:33.072] [INFO] default - Response status: 304
[2024-12-09T10:33:02.273] [INFO] default - [2024-12-09T10:33:02.273Z] POST /api/scrape
[2024-12-09T10:34:11.072] [INFO] default - Response status: 200
[2024-12-09T10:34:18.640] [INFO] default - [2024-12-09T10:34:18.638Z] GET /api/urls/1
[2024-12-09T10:34:19.722] [INFO] default - Response status: 200
[2024-12-09T10:34:19.829] [INFO] default - [2024-12-09T10:34:19.829Z] GET /api/urls/1
[2024-12-09T10:34:20.040] [INFO] default - Response status: 304
